<?xml version="1.0" encoding="UTF-8"?>
<!-- Generated by org.testng.reporters.JUnitReportReporter -->
<testsuite skipped="0" hostname="DESKTOP-HRAE54G" name="scripts.UnitedAirlineTest" tests="5" failures="0" timestamp="2022-06-11T10:46:06 CDT" time="64.550" errors="0">
  <testcase name="testUnitedMainMenu" time="11.626" classname="scripts.UnitedAirlineTest"/>
  <system-out/>
  <testcase name="testBookTravelMenu" time="10.288" classname="scripts.UnitedAirlineTest"/>
  <system-out/>
  <testcase name="testroundTripAndOneWay" time="12.817" classname="scripts.UnitedAirlineTest"/>
  <system-out/>
  <testcase name="testUnitedCheckboxes" time="12.803" classname="scripts.UnitedAirlineTest"/>
  <system-out/>
  <testcase name="testFlights" time="17.016" classname="scripts.UnitedAirlineTest"/>
  <system-out/>
</testsuite> <!-- scripts.UnitedAirlineTest -->
